#
# There is insufficient memory for the Java Runtime Environment to continue.
# Native memory allocation (mmap) failed to map 268435456 bytes for Failed to commit area from 0x0000000701a00000 to 0x0000000711a00000 of length 268435456.
# Possible reasons:
#   The system is out of physical RAM or swap space
#   The process is running with CompressedOops enabled, and the Java Heap may be blocking the growth of the native heap
# Possible solutions:
#   Reduce memory load on the system
#   Increase physical memory or swap space
#   Check if swap backing store is full
#   Decrease Java heap size (-Xmx/-Xms)
#   Decrease number of Java threads
#   Decrease Java thread stack sizes (-Xss)
#   Set larger code cache with -XX:ReservedCodeCacheSize=
# This output file may be truncated or incomplete.
#
#  Out of Memory Error (t:/workspace/open/src/hotspot/os/windows/os_windows.cpp:3301), pid=67492, tid=182364
#
# JRE version:  (13.0.2+8) (build )
# Java VM: Java HotSpot(TM) 64-Bit Server VM (13.0.2+8, mixed mode, aot, sharing, tiered, compressed oops, g1 gc, windows-amd64)
# No core dump will be written. Minidumps are not enabled by default on client versions of Windows
#

---------------  S U M M A R Y ------------

Command Line: -Dcom.sun.management.jmxremote -Dcom.sun.management.jmxremote.port=60854 -Dcom.sun.management.jmxremote.authenticate=false -Dcom.sun.management.jmxremote.ssl=false -Djava.rmi.server.hostname=localhost -Dspring.application.admin.enabled=true -Xverify:none -XX:TieredStopAtLevel=1 -Dfile.encoding=UTF-8 com.nagarro.aggregatorService.AggregatorServiceApplication

Host: Intel(R) Core(TM) i5-8250U CPU @ 1.60GHz, 8 cores, 15G,  Windows 10 , 64 bit Build 17134 (10.0.17134.753)
Time: Tue Apr  7 23:27:43 2020 India Standard Time elapsed time: 0 seconds (0d 0h 0m 0s)

---------------  T H R E A D  ---------------

Current thread (0x000002793c4bd000):  JavaThread "Unknown thread" [_thread_in_vm, id=182364, stack(0x0000009f80100000,0x0000009f80200000)]

Stack: [0x0000009f80100000,0x0000009f80200000]
Native frames: (J=compiled Java code, j=interpreted, Vv=VM code, C=native code)
V  [jvm.dll+0x624f9a]
V  [jvm.dll+0x770cfa]
V  [jvm.dll+0x7724af]
V  [jvm.dll+0x772ab3]
V  [jvm.dll+0x24bf08]
V  [jvm.dll+0x6222aa]
V  [jvm.dll+0x6170b5]
V  [jvm.dll+0x30a88c]
V  [jvm.dll+0x30a6c2]
V  [jvm.dll+0x30fe36]
V  [jvm.dll+0x353f46]
V  [jvm.dll+0x353720]
V  [jvm.dll+0x2e550a]
V  [jvm.dll+0x2e67a2]
V  [jvm.dll+0x74dd78]
V  [jvm.dll+0x361989]
V  [jvm.dll+0x730e65]
V  [jvm.dll+0x3cc53f]
V  [jvm.dll+0x3ce861]
C  [jli.dll+0x51ff]
C  [ucrtbase.dll+0x1e3fe]
C  [KERNEL32.DLL+0x14034]
C  [ntdll.dll+0x73691]


---------------  P R O C E S S  ---------------

Threads class SMR info:
_java_thread_list=0x00007ffb7100ccb8, length=0, elements={
}

Java Threads: ( => current thread )

Other Threads:
  0x000002793c528000 GCTaskThread "GC Thread#0" [stack: 0x0000009f80200000,0x0000009f80300000] [id=94864]
  0x000002793c52b000 ConcurrentGCThread "G1 Main Marker" [stack: 0x0000009f80300000,0x0000009f80400000] [id=155428]
  0x000002793c52c800 ConcurrentGCThread "G1 Conc#0" [stack: 0x0000009f80400000,0x0000009f80500000] [id=184300]

[error occurred during error reporting (printing all threads), id 0xc0000005, EXCEPTION_ACCESS_VIOLATION (0xc0000005) at pc=0x00007ffb708451d7]

VM state:not at safepoint (not fully initialized)

VM Mutex/Monitor currently owned by a thread:  ([mutex/lock_event])
[0x000002793c4ba900] Heap_lock - owner thread: 0x000002793c4bd000

Heap address: 0x0000000701a00000, size: 4070 MB, Compressed Oops mode: Non-zero based: 0x0000000701a00000
Narrow klass base: 0x0000000000000000, Narrow klass shift: 0

GC Heap History (0 events):
No events

Deoptimization events (0 events):
No events

Classes unloaded (0 events):
No events

Classes redefined (0 events):
No events

Internal exceptions (0 events):
No events

Events (8 events):
Event: 0.096 Loaded shared library C:\Program Files\Java\jdk-13.0.2\bin\zip.dll
Event: 0.138 Loaded shared library C:\Program Files\Java\jdk-13.0.2\bin\jimage.dll
Event: 0.142 Loading shared library C:\Program Files\Java\jdk-13.0.2\lib\libjava.base-coop.dll failed, error code 126
Event: 0.142 Loading shared library C:\Program Files\Java\jdk-13.0.2\lib\libjava.logging-coop.dll failed, error code 126
Event: 0.142 Loading shared library C:\Program Files\Java\jdk-13.0.2\lib\libjdk.compiler-coop.dll failed, error code 126
Event: 0.142 Loading shared library C:\Program Files\Java\jdk-13.0.2\lib\libjdk.scripting.nashorn-coop.dll failed, error code 126
Event: 0.142 Loading shared library C:\Program Files\Java\jdk-13.0.2\lib\libjdk.internal.vm.ci-coop.dll failed, error code 126
Event: 0.142 Loading shared library C:\Program Files\Java\jdk-13.0.2\lib\libjdk.internal.vm.compiler-coop.dll failed, error code 126


Dynamic libraries:
0x00007ff606540000 - 0x00007ff60654f000 	C:\Program Files\Java\jdk-13.0.2\bin\javaw.exe
0x00007ffbea210000 - 0x00007ffbea3f1000 	C:\Windows\SYSTEM32\ntdll.dll
0x00007ffbe9440000 - 0x00007ffbe94f1000 	C:\Windows\System32\KERNEL32.DLL
0x00007ffbe7310000 - 0x00007ffbe7583000 	C:\Windows\System32\KERNELBASE.dll
0x0000000072570000 - 0x0000000072603000 	C:\Windows\System32\SYSFER.DLL
0x00007ffbe6e60000 - 0x00007ffbe6f58000 	C:\Windows\System32\ucrtbase.dll
0x00007ffbdf730000 - 0x00007ffbdf748000 	C:\Program Files\Java\jdk-13.0.2\bin\jli.dll
0x00007ffbd8ab0000 - 0x00007ffbd8ac5000 	C:\Program Files\Java\jdk-13.0.2\bin\VCRUNTIME140.dll
0x00007ffbe9da0000 - 0x00007ffbe9e41000 	C:\Windows\System32\ADVAPI32.dll
0x00007ffbe7690000 - 0x00007ffbe772e000 	C:\Windows\System32\msvcrt.dll
0x00007ffbe9f60000 - 0x00007ffbe9fbb000 	C:\Windows\System32\sechost.dll
0x00007ffbe7730000 - 0x00007ffbe7854000 	C:\Windows\System32\RPCRT4.dll
0x00007ffbe9130000 - 0x00007ffbe92c0000 	C:\Windows\System32\USER32.dll
0x00007ffbe72f0000 - 0x00007ffbe7310000 	C:\Windows\System32\win32u.dll
0x00007ffbe9590000 - 0x00007ffbe95b8000 	C:\Windows\System32\GDI32.dll
0x00007ffbe6f60000 - 0x00007ffbe70f1000 	C:\Windows\System32\gdi32full.dll
0x00007ffbd4fc0000 - 0x00007ffbd5229000 	C:\Windows\WinSxS\amd64_microsoft.windows.common-controls_6595b64144ccf1df_6.0.17134.1304_none_d3fbe61b7c93d9f0\COMCTL32.dll
0x00007ffbe7590000 - 0x00007ffbe762f000 	C:\Windows\System32\msvcp_win.dll
0x00007ffbe9870000 - 0x00007ffbe9b91000 	C:\Windows\System32\combase.dll
0x00007ffbe6de0000 - 0x00007ffbe6e59000 	C:\Windows\System32\bcryptPrimitives.dll
0x00007ffbe01f0000 - 0x00007ffbe01fa000 	C:\Windows\SYSTEM32\VERSION.dll
0x00007ffbe8cb0000 - 0x00007ffbe8cdd000 	C:\Windows\System32\IMM32.DLL
0x00007ffbbc920000 - 0x00007ffbbcc0b000 	C:\Windows\pcdrm\NSCCOR0364.DLL
0x00007ffbe92e0000 - 0x00007ffbe9431000 	C:\Windows\System32\ole32.dll
0x00007ffbea0e0000 - 0x00007ffbea0e8000 	C:\Windows\System32\psapi.dll
0x00007ffbe5330000 - 0x00007ffbe5361000 	C:\Windows\SYSTEM32\ntmarta.dll
0x00007ffbbc8f0000 - 0x00007ffbbc91e000 	C:\Windows\pcdrm\NBID64.dll
0x00007ffbe95c0000 - 0x00007ffbe9682000 	C:\Windows\System32\OLEAUT32.dll
0x00007ffbbc8b0000 - 0x00007ffbbc8e9000 	C:\Windows\pcdrm\NFD0164.dll
0x00007ffbe40d0000 - 0x00007ffbe4285000 	C:\Windows\SYSTEM32\PROPSYS.dll
0x000002793bb80000 - 0x000002793bc29000 	C:\Windows\System32\shcore.dll
0x00007ffbe6070000 - 0x00007ffbe6095000 	C:\Windows\SYSTEM32\bcrypt.dll
0x00007ffbadaa0000 - 0x00007ffbadb3b000 	C:\Program Files\Java\jdk-13.0.2\bin\msvcp140.dll
0x00007ffb70550000 - 0x00007ffb710ad000 	C:\Program Files\Java\jdk-13.0.2\bin\server\jvm.dll
0x00007ffbc7310000 - 0x00007ffbc7319000 	C:\Windows\SYSTEM32\WSOCK32.dll
0x000002793ba80000 - 0x000002793baec000 	C:\Windows\System32\WS2_32.dll
0x00007ffbe0480000 - 0x00007ffbe04a3000 	C:\Windows\SYSTEM32\WINMM.dll
0x00007ffbe0420000 - 0x00007ffbe044a000 	C:\Windows\SYSTEM32\WINMMBASE.dll
0x00007ffbe6680000 - 0x00007ffbe66c9000 	C:\Windows\System32\cfgmgr32.dll
0x00007ffbe6520000 - 0x00007ffbe6531000 	C:\Windows\System32\kernel.appcore.dll
0x00007ffbdf7b0000 - 0x00007ffbdf7c0000 	C:\Program Files\Java\jdk-13.0.2\bin\verify.dll
0x00007ffbe4ce0000 - 0x00007ffbe4ea9000 	C:\Windows\SYSTEM32\DBGHELP.DLL
0x00007ffbcfbc0000 - 0x00007ffbcfbe9000 	C:\Windows\SYSTEM32\dbgcore.DLL
0x00007ffbb2050000 - 0x00007ffbb2076000 	C:\Program Files\Java\jdk-13.0.2\bin\java.dll
0x00007ffbd9320000 - 0x00007ffbd9337000 	C:\Program Files\Java\jdk-13.0.2\bin\zip.dll
0x00007ffbd9d10000 - 0x00007ffbd9d1a000 	C:\Program Files\Java\jdk-13.0.2\bin\jimage.dll

dbghelp: loaded successfully - version: 4.0.5 - missing functions: none
symbol engine: initialized successfully - sym options: 0x614 - pdb path: .;C:\Program Files\Java\jdk-13.0.2\bin;C:\Windows\SYSTEM32;C:\Windows\WinSxS\amd64_microsoft.windows.common-controls_6595b64144ccf1df_6.0.17134.1304_none_d3fbe61b7c93d9f0;C:\Windows\pcdrm;C:\Program Files\Java\jdk-13.0.2\bin\server

VM Arguments:
jvm_args: -Dcom.sun.management.jmxremote -Dcom.sun.management.jmxremote.port=60854 -Dcom.sun.management.jmxremote.authenticate=false -Dcom.sun.management.jmxremote.ssl=false -Djava.rmi.server.hostname=localhost -Dspring.application.admin.enabled=true -Xverify:none -XX:TieredStopAtLevel=1 -Dfile.encoding=UTF-8 
java_command: com.nagarro.aggregatorService.AggregatorServiceApplication
java_class_path (initial): C:\Users\parushasingla\Downloads\aggregatorService\aggregatorService\target\classes;C:\Users\parushasingla\.m2\repository\org\springframework\boot\spring-boot-starter-web\2.2.6.RELEASE\spring-boot-starter-web-2.2.6.RELEASE.jar;C:\Users\parushasingla\.m2\repository\org\springframework\boot\spring-boot-starter\2.2.6.RELEASE\spring-boot-starter-2.2.6.RELEASE.jar;C:\Users\parushasingla\.m2\repository\org\springframework\boot\spring-boot-starter-logging\2.2.6.RELEASE\spring-boot-starter-logging-2.2.6.RELEASE.jar;C:\Users\parushasingla\.m2\repository\ch\qos\logback\logback-classic\1.2.3\logback-classic-1.2.3.jar;C:\Users\parushasingla\.m2\repository\ch\qos\logback\logback-core\1.2.3\logback-core-1.2.3.jar;C:\Users\parushasingla\.m2\repository\org\apache\logging\log4j\log4j-to-slf4j\2.12.1\log4j-to-slf4j-2.12.1.jar;C:\Users\parushasingla\.m2\repository\org\apache\logging\log4j\log4j-api\2.12.1\log4j-api-2.12.1.jar;C:\Users\parushasingla\.m2\repository\org\slf4j\jul-to-slf4j\1.7.30\jul-to-slf4j-1.7.30.jar;C:\Users\parushasingla\.m2\repository\jakarta\annotation\jakarta.annotation-api\1.3.5\jakarta.annotation-api-1.3.5.jar;C:\Users\parushasingla\.m2\repository\org\yaml\snakeyaml\1.25\snakeyaml-1.25.jar;C:\Users\parushasingla\.m2\repository\org\springframework\boot\spring-boot-starter-json\2.2.6.RELEASE\spring-boot-starter-json-2.2.6.RELEASE.jar;C:\Users\parushasingla\.m2\repository\com\fasterxml\jackson\core\jackson-databind\2.10.3\jackson-databind-2.10.3.jar;C:\Users\parushasingla\.m2\repository\com\fasterxml\jackson\core\jackson-annotations\2.10.3\jackson-annotations-2.10.3.jar;C:\Users\parushasingla\.m2\repository\com\fasterxml\jackson\core\jackson-core\2.10.3\jackson-core-2.10.3.jar;C:\Users\parushasingla\.m2\repository\com\fasterxml\jackson\datatype\jackson-datatype-jdk8\2.10.3\jackson-datatype-jdk8-2.10.3.jar;C:\Users\parushasingla\.m2\repository\com\fasterxml\jackson\datatype\jackson-datatype-jsr310\2.10.3\jackson-datatype-jsr310-2.10.3.ja
Launcher Type: SUN_STANDARD

[Global flags]
     intx CICompilerCount                          = 4                                         {product} {ergonomic}
     uint ConcGCThreads                            = 2                                         {product} {ergonomic}
     uint G1ConcRefinementThreads                  = 8                                         {product} {ergonomic}
   size_t G1HeapRegionSize                         = 1048576                                   {product} {ergonomic}
    uintx GCDrainStackTargetSize                   = 64                                        {product} {ergonomic}
   size_t InitialHeapSize                          = 268435456                                 {product} {ergonomic}
     bool ManagementServer                         = true                                      {product} {command line}
   size_t MarkStackSize                            = 4194304                                   {product} {ergonomic}
   size_t MaxHeapSize                              = 4267704320                                {product} {ergonomic}
   size_t MinHeapDeltaBytes                        = 1048576                                   {product} {ergonomic}
   size_t MinHeapSize                              = 8388608                                   {product} {ergonomic}
    uintx NonNMethodCodeHeapSize                   = 7549744                                {pd product} {ergonomic}
    uintx NonProfiledCodeHeapSize                  = 244108496                              {pd product} {ergonomic}
    uintx ProfiledCodeHeapSize                     = 0                                      {pd product} {ergonomic}
    uintx ReservedCodeCacheSize                    = 251658240                              {pd product} {ergonomic}
     bool SegmentedCodeCache                       = true                                      {product} {ergonomic}
   size_t SoftMaxHeapSize                          = 4267704320                             {manageable} {ergonomic}
     intx TieredStopAtLevel                        = 1                                         {product} {command line}
     bool UseCompressedClassPointers               = true                                 {lp64_product} {ergonomic}
     bool UseCompressedOops                        = true                                 {lp64_product} {ergonomic}
     bool UseG1GC                                  = true                                      {product} {ergonomic}
     bool UseLargePagesIndividualAllocation        = false                                  {pd product} {ergonomic}

Logging:
Log output configuration:
 #0: stdout all=warning uptime,level,tags
 #1: stderr all=off uptime,level,tags

Environment Variables:
PATH=C:/Program Files/Java/jdk-13.0.2/bin/server;C:/Program Files/Java/jdk-13.0.2/bin;C:\Program Files (x86)\Intel\Intel(R) Management Engine Components\iCLS\;C:\Program Files\Intel\Intel(R) Management Engine Components\iCLS\;C:\Windows\system32;C:\Windows;C:\Windows\System32\Wbem;C:\Program Files\Microsoft MPI\Bin\;C:\Windows\System32\WindowsPowerShell\v1.0\;C:\Windows\System32\OpenSSH\;C:\Program Files\TortoiseSVN\bin;C:\Program Files (x86)\Intel\Intel(R) Management Engine Components\DAL;C:\Program Files\Intel\Intel(R) Management Engine Components\DAL;C:\Program Files\Java\jdk-13.0.2\bin;C:\Program Files (x86)\Microsoft SQL Server\130\Tools\Binn\;C:\Program Files\Microsoft SQL Server\130\Tools\Binn\;C:\Program Files (x86)\Microsoft SQL Server\130\DTS\Binn\;C:\Program Files\Microsoft SQL Server\130\DTS\Binn\;C:\Program Files\Microsoft SQL Server\Client SDK\ODBC\130\Tools\Binn\;C:\Program Files (x86)\Microsoft SQL Server\Client SDK\ODBC\130\Tools\Binn\;C:\Program Files (x86)\Microsoft SQL Server\130\Tools\Binn\ManagementStudio\;C:\Program Files\VisualSVN Server\bin;C:\Program Files\nodejs\;c:\Program Files (x86)\Microsoft SQL Server\100\Tools\Binn\;c:\Program Files (x86)\Microsoft SQL Server\100\DTS\Binn\;C:\Program Files\Docker\Docker\resources\bin;C:\ProgramData\DockerDesktop\version-bin;C:\Program Files\Common Files\Intel\WirelessCommon\;C:\Program Files (x86)\Yarn\bin\;C:\gradle-4.10.2\bin;C:\Users\parushasingla\AppData\Local\Programs\Python\Python38\Scripts\;C:\Users\parushasingla\AppData\Local\Programs\Python\Python38\;C:\Users\parushasingla\AppData\Local\Microsoft\WindowsApps;C:\Users\parushasingla\AppData\Local\Programs\Microsoft VS Code\bin;C:\Users\parushasingla\AppData\Local\Programs\Git\cmd;C:\Users\parushasingla\AppData\Roaming\npm;C:\Program Files\Java\jdk-13.0.2\bin;C:\Users\parushasingla\AppData\Local\Yarn\bin;C:\gradle-4.10.2\bin;;C:\Users\parushasingla\Documents\eclipse;
USERNAME=parushasingla
OS=Windows_NT
PROCESSOR_IDENTIFIER=Intel64 Family 6 Model 142 Stepping 10, GenuineIntel



---------------  S Y S T E M  ---------------

OS: Windows 10 , 64 bit Build 17134 (10.0.17134.753)
HyperV virtualization detected

CPU:total 8 (initial active 8) (4 cores per cpu, 2 threads per core) family 6 model 142 stepping 10, cmov, cx8, fxsr, mmx, sse, sse2, sse3, ssse3, sse4.1, sse4.2, popcnt, avx, avx2, aes, clmul, erms, 3dnowpref, lzcnt, ht, tsc, tscinvbit, bmi1, bmi2, adx, fma

Memory: 4k page, system-wide physical 16278M (2914M free)
TotalPageFile size 30266M (AvailPageFile size 181M)
current process WorkingSet (physical memory assigned to process): 15M, peak: 15M
current process commit charge ("private bytes"): 64M, peak: 320M

vm_info: Java HotSpot(TM) 64-Bit Server VM (13.0.2+8) for windows-amd64 JRE (13.0.2+8), built on Dec 11 2019 09:20:33 by "mach5one" with unknown MS VC++:1916

END.
